[debug] [2019-03-27T11:18:34.823Z] ----------------------------------------------------------------------
[debug] [2019-03-27T11:18:34.826Z] Command:       C:\Program Files\nodejs\node.exe C:\Users\OneConnect\AppData\Roaming\npm\node_modules\firebase-tools\lib\bin\firebase.js serve --only functions
[debug] [2019-03-27T11:18:34.826Z] CLI Version:   6.3.0
[debug] [2019-03-27T11:18:34.826Z] Platform:      win32
[debug] [2019-03-27T11:18:34.826Z] Node Version:  v8.12.0
[debug] [2019-03-27T11:18:34.827Z] Time:          Wed Mar 27 2019 13:18:34 GMT+0200 (South Africa Standard Time)
[debug] [2019-03-27T11:18:34.827Z] ----------------------------------------------------------------------
[debug] 
[debug] [2019-03-27T11:18:34.833Z] > command requires scopes: ["email","openid","https://www.googleapis.com/auth/cloudplatformprojects.readonly","https://www.googleapis.com/auth/firebase","https://www.googleapis.com/auth/cloud-platform"]
[debug] [2019-03-27T11:18:34.833Z] > authorizing via signed-in user
[debug] [2019-03-27T11:18:34.833Z] [iam] checking project glp-test for permissions ["firebase.projects.get"]
[debug] [2019-03-27T11:18:34.833Z] >>> HTTP REQUEST POST https://cloudresourcemanager.googleapis.com/v1/projects/glp-test:testIamPermissions  

[debug] [2019-03-27T11:18:36.921Z] <<< HTTP RESPONSE 200
[debug] [2019-03-27T11:18:36.925Z] >>> HTTP REQUEST GET https://cloudresourcemanager.googleapis.com/v1/projects/glp-test  
 
[debug] [2019-03-27T11:18:38.627Z] <<< HTTP RESPONSE 200
[info] 
[info] === Serving from 'C:\Users\OneConnect\Documents\GitHub\leadership-cloud-functions'...
[info] 
[info] i  functions: Preparing to emulate functions.
[debug] [2019-03-27T11:18:40.293Z] Fetching environment
[debug] [2019-03-27T11:18:40.299Z] >>> HTTP REQUEST GET https://mobilesdk-pa.googleapis.com/v1/projects/805735980290:getServerAppConfig  
 
[debug] [2019-03-27T11:18:41.079Z] <<< HTTP RESPONSE 200
[debug] [2019-03-27T11:18:41.079Z] Starting @google-cloud/functions-emulator
[debug] [2019-03-27T11:18:44.142Z] Parsing function triggers
[info] +  functions: m06.updateFollowers: http://localhost:5000/glp-test/us-central1/m06-updateFollowers
[info] +  functions: m39.publishContent: http://localhost:5000/glp-test/us-central1/m39-publishContent
[info] +  functions: m07.testMails: http://localhost:5000/glp-test/us-central1/m07-testMails
[info] +  functions: m08.updateAnalytics: http://localhost:5000/glp-test/us-central1/m08-updateAnalytics
[info] +  functions: m13.unsubscribeUsers: http://localhost:5000/glp-test/us-central1/m13-unsubscribeUsers
[info] +  functions: m20.removeUser: http://localhost:5000/glp-test/us-central1/m20-removeUser
[info] +  functions: m21.unshortenURL: http://localhost:5000/glp-test/us-central1/m21-unshortenURL
[info] +  functions: m40.sendUserReminders: http://localhost:5000/glp-test/us-central1/m40-sendUserReminders
[info] +  functions: api: http://localhost:5000/glp-test/us-central1/api
